\BOOKMARK [1][-]{section.1}{Introduction}{}% 1
\BOOKMARK [2][-]{subsection.1.1}{Expectations for Players}{section.1}% 2
\BOOKMARK [2][-]{subsection.1.2}{GM Commitment}{section.1}% 3
\BOOKMARK [2][-]{subsection.1.3}{Disclaimers and Acknowledgments}{section.1}% 4
\BOOKMARK [2][-]{subsection.1.4}{Game Style}{section.1}% 5
\BOOKMARK [3][-]{subsubsection.1.4.1}{Player Experience}{subsection.1.4}% 6
\BOOKMARK [1][-]{section.2}{Logistics}{}% 7
\BOOKMARK [2][-]{subsection.2.1}{Basic Information}{section.2}% 8
\BOOKMARK [2][-]{subsection.2.2}{Game Areas}{section.2}% 9
\BOOKMARK [1][-]{section.3}{Game Content}{}% 10
\BOOKMARK [2][-]{subsection.3.1}{The Premise}{section.3}% 11
\BOOKMARK [2][-]{subsection.3.2}{Themes and Topics}{section.3}% 12
\BOOKMARK [3][-]{subsubsection.3.2.1}{Magic and its Price}{subsection.3.2}% 13
\BOOKMARK [3][-]{subsubsection.3.2.2}{Religion}{subsection.3.2}% 14
\BOOKMARK [3][-]{subsubsection.3.2.3}{Morality and Ethics}{subsection.3.2}% 15
\BOOKMARK [2][-]{subsection.3.3}{Content Warnings}{section.3}% 16
\BOOKMARK [3][-]{subsubsection.3.3.1}{War}{subsection.3.3}% 17
\BOOKMARK [3][-]{subsubsection.3.3.2}{Nationalism and Jingoism}{subsection.3.3}% 18
\BOOKMARK [3][-]{subsubsection.3.3.3}{Religion and Spirituality}{subsection.3.3}% 19
\BOOKMARK [3][-]{subsubsection.3.3.4}{Murder}{subsection.3.3}% 20
\BOOKMARK [3][-]{subsubsection.3.3.5}{Potential Apocalypse}{subsection.3.3}% 21
\BOOKMARK [3][-]{subsubsection.3.3.6}{Content Warnings impacting PART of game}{subsection.3.3}% 22
\BOOKMARK [3][-]{subsubsection.3.3.7}{Content Warnings NOT in game}{subsection.3.3}% 23
\BOOKMARK [1][-]{section.4}{Safety}{}% 24
\BOOKMARK [2][-]{subsection.4.1}{Calibration}{section.4}% 25
\BOOKMARK [3][-]{subsubsection.4.1.1}{Self Care}{subsection.4.1}% 26
\BOOKMARK [2][-]{subsection.4.2}{Safety Mechanics}{section.4}% 27
\BOOKMARK [1][-]{section.5}{Out of Game Programming Events}{}% 28
\BOOKMARK [2][-]{subsection.5.1}{Pre-Game Workshops}{section.5}% 29
\BOOKMARK [3][-]{subsubsection.5.1.1}{Workshop 1}{subsection.5.1}% 30
\BOOKMARK [3][-]{subsubsection.5.1.2}{Workshop 2}{subsection.5.1}% 31
\BOOKMARK [3][-]{subsubsection.5.1.3}{Workshop 3}{subsection.5.1}% 32
\BOOKMARK [2][-]{subsection.5.2}{Game Rebalancing}{section.5}% 33
\BOOKMARK [2][-]{subsection.5.3}{Post Game Workshops}{section.5}% 34
\BOOKMARK [3][-]{subsubsection.5.3.1}{Deroll}{subsection.5.3}% 35
\BOOKMARK [3][-]{subsubsection.5.3.2}{Debrief}{subsection.5.3}% 36
\BOOKMARK [3][-]{subsubsection.5.3.3}{Goodbyes}{subsection.5.3}% 37
\BOOKMARK [1][-]{section.6}{Getting Started}{}% 38
\BOOKMARK [2][-]{subsection.6.1}{Character Packets}{section.6}% 39
\BOOKMARK [2][-]{subsection.6.2}{Reality and Game Reality}{section.6}% 40
\BOOKMARK [2][-]{subsection.6.3}{Basic Strategy}{section.6}% 41
\BOOKMARK [1][-]{section.7}{Items Etc.}{}% 42
\BOOKMARK [2][-]{subsection.7.1}{Searching, Stashing, and Stealing}{section.7}% 43
\BOOKMARK [1][-]{section.8}{Violence, Damage, and Death}{}% 44
\BOOKMARK [2][-]{subsection.8.1}{Health States}{section.8}% 45
\BOOKMARK [2][-]{subsection.8.2}{Weapons}{section.8}% 46
\BOOKMARK [2][-]{subsection.8.3}{Martial Combat}{section.8}% 47
\BOOKMARK [2][-]{subsection.8.4}{Magical Combat}{section.8}% 48
\BOOKMARK [2][-]{subsection.8.5}{Stealth}{section.8}% 49
\BOOKMARK [2][-]{subsection.8.6}{Killing Blows and Character Death}{section.8}% 50
\BOOKMARK [1][-]{section.9}{Miscellaneous}{}% 51
\BOOKMARK [2][-]{subsection.9.1}{Stickers}{section.9}% 52
\BOOKMARK [2][-]{subsection.9.2}{Other}{section.9}% 53
\BOOKMARK [1][-]{section.10}{Closing Notes}{}% 54
