\BOOKMARK [2][-]{subsection.0.1}{Form of Government}{}% 1
\BOOKMARK [2][-]{subsection.0.2}{Art and Entertainment}{}% 2
\BOOKMARK [2][-]{subsection.0.3}{Educational system}{}% 3
\BOOKMARK [2][-]{subsection.0.4}{Clothing}{}% 4
\BOOKMARK [1][-]{section.1}{A Cleric's Powers and Responsibilities}{}% 5
\BOOKMARK [1][-]{section.2}{Becoming a Cleric}{}% 6
\BOOKMARK [2][-]{subsection.0.1}{Form of Government}{section.2}% 7
\BOOKMARK [2][-]{subsection.0.2}{Art and Entertainment}{section.2}% 8
\BOOKMARK [2][-]{subsection.0.3}{Educational system}{section.2}% 9
\BOOKMARK [2][-]{subsection.0.4}{Clothing}{section.2}% 10
\BOOKMARK [2][-]{subsection.0.1}{Form of Government}{section.2}% 11
\BOOKMARK [2][-]{subsection.0.2}{Art and Entertainment}{section.2}% 12
\BOOKMARK [2][-]{subsection.0.3}{Educational system}{section.2}% 13
\BOOKMARK [2][-]{subsection.0.4}{Clothing}{section.2}% 14
\BOOKMARK [2][-]{subsection.0.1}{Form of Government}{section.2}% 15
\BOOKMARK [2][-]{subsection.0.2}{Art and Entertainment}{section.2}% 16
\BOOKMARK [2][-]{subsection.0.3}{Educational system}{section.2}% 17
\BOOKMARK [2][-]{subsection.0.4}{Clothing}{section.2}% 18
\BOOKMARK [1][-]{section.1}{A Cleric's Powers and Responsibilities}{}% 19
\BOOKMARK [2][-]{subsection.0.1}{Form of Government}{section.1}% 20
\BOOKMARK [2][-]{subsection.0.2}{Art and Entertainment}{section.1}% 21
\BOOKMARK [2][-]{subsection.0.3}{Educational system}{section.1}% 22
\BOOKMARK [2][-]{subsection.0.4}{Clothing}{section.1}% 23
\BOOKMARK [1][-]{section.1}{A Cleric's Powers and Responsibilities}{}% 24
\BOOKMARK [1][-]{section.2}{Becoming a Cleric}{}% 25
\BOOKMARK [2][-]{subsection.0.1}{Form of Government}{section.2}% 26
\BOOKMARK [2][-]{subsection.0.2}{Art and Entertainment}{section.2}% 27
\BOOKMARK [2][-]{subsection.0.3}{Educational system}{section.2}% 28
\BOOKMARK [2][-]{subsection.0.4}{Clothing}{section.2}% 29
\BOOKMARK [2][-]{subsection.0.1}{Form of Government}{section.2}% 30
\BOOKMARK [2][-]{subsection.0.2}{Art and Entertainment}{section.2}% 31
\BOOKMARK [2][-]{subsection.0.3}{Educational system}{section.2}% 32
\BOOKMARK [2][-]{subsection.0.4}{Clothing}{section.2}% 33
\BOOKMARK [2][-]{subsection.0.1}{Form of Government}{section.2}% 34
\BOOKMARK [2][-]{subsection.0.2}{Art and Entertainment}{section.2}% 35
\BOOKMARK [2][-]{subsection.0.3}{Educational system}{section.2}% 36
\BOOKMARK [2][-]{subsection.0.4}{Clothing}{section.2}% 37
\BOOKMARK [2][-]{subsection.0.1}{Form of Government}{section.2}% 38
\BOOKMARK [2][-]{subsection.0.2}{Art and Entertainment}{section.2}% 39
\BOOKMARK [2][-]{subsection.0.3}{Educational system}{section.2}% 40
\BOOKMARK [2][-]{subsection.0.4}{Clothing}{section.2}% 41
\BOOKMARK [1][-]{section.1}{A Cleric's Powers and Responsibilities}{}% 42
\BOOKMARK [1][-]{section.2}{Becoming a Cleric}{}% 43
\BOOKMARK [2][-]{subsection.0.1}{Form of Government}{section.2}% 44
\BOOKMARK [2][-]{subsection.0.2}{Art and Entertainment}{section.2}% 45
\BOOKMARK [2][-]{subsection.0.3}{Educational system}{section.2}% 46
\BOOKMARK [2][-]{subsection.0.4}{Clothing}{section.2}% 47
\BOOKMARK [1][-]{section.1}{A Cleric's Powers and Responsibilities}{}% 48
\BOOKMARK [1][-]{section.2}{Becoming a Cleric}{}% 49
\BOOKMARK [1][-]{section.1}{A Cleric's Powers and Responsibilities}{}% 50
\BOOKMARK [2][-]{subsection.0.1}{Form of Government}{section.1}% 51
\BOOKMARK [2][-]{subsection.0.2}{Art and Entertainment}{section.1}% 52
\BOOKMARK [2][-]{subsection.0.3}{Educational system}{section.1}% 53
\BOOKMARK [2][-]{subsection.0.4}{Clothing}{section.1}% 54
\BOOKMARK [2][-]{subsection.0.1}{Form of Government}{section.1}% 55
\BOOKMARK [2][-]{subsection.0.2}{Art and Entertainment}{section.1}% 56
\BOOKMARK [2][-]{subsection.0.3}{Educational system}{section.1}% 57
\BOOKMARK [2][-]{subsection.0.4}{Clothing}{section.1}% 58
\BOOKMARK [2][-]{subsection.0.1}{Form of Government}{section.1}% 59
\BOOKMARK [2][-]{subsection.0.2}{Art and Entertainment}{section.1}% 60
\BOOKMARK [2][-]{subsection.0.3}{Educational system}{section.1}% 61
\BOOKMARK [2][-]{subsection.0.4}{Clothing}{section.1}% 62
